[debug] [2021-04-26T10:13:13.678Z] ----------------------------------------------------------------------
[debug] [2021-04-26T10:13:13.679Z] Command:       C:\Program Files\nodejs\node.exe C:\Program Files\nodejs\node_modules\firebase-tools\lib\bin\firebase.js emulators:start --import ./firestore_stat
[debug] [2021-04-26T10:13:13.680Z] CLI Version:   9.10.0
[debug] [2021-04-26T10:13:13.680Z] Platform:      win32
[debug] [2021-04-26T10:13:13.680Z] Node Version:  v14.16.1
[debug] [2021-04-26T10:13:13.681Z] Time:          Mon Apr 26 2021 12:13:13 GMT+0200 (Central European Summer Time)
[debug] [2021-04-26T10:13:13.681Z] ----------------------------------------------------------------------
[debug] 
[debug] [2021-04-26T10:13:13.688Z] > command requires scopes: ["email","openid","https://www.googleapis.com/auth/cloudplatformprojects.readonly","https://www.googleapis.com/auth/firebase","https://www.googleapis.com/auth/cloud-platform"]
[debug] [2021-04-26T10:13:13.688Z] > authorizing via signed-in user (transforderek@gmail.com)
[info] i  emulators: Starting emulators: auth, firestore {"metadata":{"emulator":{"name":"hub"},"message":"Starting emulators: auth, firestore"}}
[debug] [2021-04-26T10:13:13.698Z] [hub] writing locator at C:\Users\Jonas\AppData\Local\Temp\hub-human-learning-app.json
[info] i  emulators: Shutting down emulators. {"metadata":{"emulator":{"name":"hub"},"message":"Shutting down emulators."}}
[info] i  hub: Stopping emulator hub {"metadata":{"emulator":{"name":"hub"},"message":"Stopping emulator hub"}}
[debug] [2021-04-26T10:13:13.706Z] Error: ENOENT: no such file or directory, lstat 'C:\Users\Jonas\Documents\_EPFL\HumanLearningApp\firestore_stat'
    at Object.lstatSync (fs.js:1077:3)
    at findExportMetadata (C:\Users\Jonas\AppData\Roaming\nvm\v14.16.1\node_modules\firebase-tools\lib\emulator\controller.js:160:32)
    at Object.startAll (C:\Users\Jonas\AppData\Roaming\nvm\v14.16.1\node_modules\firebase-tools\lib\emulator\controller.js:228:31)
    at processTicksAndRejections (internal/process/task_queues.js:93:5)
    at async Command.actionFn (C:\Users\Jonas\AppData\Roaming\nvm\v14.16.1\node_modules\firebase-tools\lib\commands\emulators-start.js:26:9)
[error] 
[error] Error: An unexpected error has occurred.
