#
# There is insufficient memory for the Java Runtime Environment to continue.
# Native memory allocation (malloc) failed to allocate 519024 bytes for Chunk::new
# Possible reasons:
#   The system is out of physical RAM or swap space
#   The process is running with CompressedOops enabled, and the Java Heap may be blocking the growth of the native heap
# Possible solutions:
#   Reduce memory load on the system
#   Increase physical memory or swap space
#   Check if swap backing store is full
#   Decrease Java heap size (-Xmx/-Xms)
#   Decrease number of Java threads
#   Decrease Java thread stack sizes (-Xss)
#   Set larger code cache with -XX:ReservedCodeCacheSize=
#   JVM is running with Unscaled Compressed Oops mode in which the Java heap is
#     placed in the first 4GB address space. The Java Heap base address is the
#     maximum limit for the native heap growth. Please use -XX:HeapBaseMinAddress
#     to set the Java Heap base and to place the Java Heap above 4GB virtual address.
# This output file may be truncated or incomplete.
#
#  Out of Memory Error (allocation.cpp:389), pid=9864, tid=0x0000000000002a68
#
# JRE version: OpenJDK Runtime Environment (8.0_242-b01) (build 1.8.0_242-release-1644-b01)
# Java VM: OpenJDK 64-Bit Server VM (25.242-b01 mixed mode windows-amd64 compressed oops)
# Failed to write core dump. Minidumps are not enabled by default on client versions of Windows
#

---------------  T H R E A D  ---------------

Current thread (0x0000000019972000):  JavaThread "C2 CompilerThread0" daemon [_thread_in_native, id=10856, stack(0x000000001a270000,0x000000001a370000)]

Stack: [0x000000001a270000,0x000000001a370000]
[error occurred during error reporting (printing stack bounds), id 0xc0000005]

Native frames: (J=compiled Java code, j=interpreted, Vv=VM code, C=native code)


Current CompileTask:
C2:  66472 16600 %     4       com.android.tools.r8.z.a.a.f::a @ 66 (6058 bytes)


---------------  P R O C E S S  ---------------

Java Threads: ( => current thread )
  0x000000002f808000 JavaThread "WorkerExecutor Queue Thread 9" [_thread_blocked, id=13512, stack(0x0000000032f60000,0x0000000033060000)]
  0x000000002f806800 JavaThread "WorkerExecutor Queue Thread 8" [_thread_in_Java, id=11036, stack(0x0000000032e60000,0x0000000032f60000)]
  0x000000002f803000 JavaThread "WorkerExecutor Queue Thread 7" [_thread_blocked, id=19160, stack(0x0000000032d60000,0x0000000032e60000)]
  0x000000002f807000 JavaThread "WorkerExecutor Queue Thread 6" [_thread_in_Java, id=13256, stack(0x0000000032c60000,0x0000000032d60000)]
  0x000000001bc2b000 JavaThread "WorkerExecutor Queue Thread 5" [_thread_blocked, id=10460, stack(0x0000000032960000,0x0000000032a60000)]
  0x0000000020dd0800 JavaThread "WorkerExecutor Queue Thread 4" [_thread_in_Java, id=4852, stack(0x000000001e3c0000,0x000000001e4c0000)]
  0x0000000020dd9800 JavaThread "WorkerExecutor Queue Thread 3" [_thread_in_vm, id=832, stack(0x0000000000d20000,0x0000000000e20000)]
  0x0000000020ddb000 JavaThread "WorkerExecutor Queue Thread 2" [_thread_in_Java, id=11072, stack(0x0000000031f70000,0x0000000032070000)]
  0x0000000020dd8800 JavaThread "WorkerExecutor Queue" [_thread_blocked, id=6680, stack(0x0000000031570000,0x0000000031670000)]
  0x0000000020dce000 JavaThread "Cache worker for Java compile cache (C:\Users\nicov\HumanLearningApp\.gradle\6.5\javaCompile)" [_thread_blocked, id=4500, stack(0x0000000031e70000,0x0000000031f70000)]
  0x0000000020dcf800 JavaThread "Cache worker for Java compile cache (C:\Users\nicov\.gradle\caches\6.5\javaCompile)" [_thread_blocked, id=11052, stack(0x0000000031d70000,0x0000000031e70000)]
  0x0000000020dcf000 JavaThread "RMI TCP Connection(3)-127.0.0.1" daemon [_thread_in_native, id=10432, stack(0x0000000031c70000,0x0000000031d70000)]
  0x0000000020dcd800 JavaThread "RMI TCP Connection(4)-127.0.0.1" daemon [_thread_in_native, id=15908, stack(0x0000000031b70000,0x0000000031c70000)]
  0x0000000020dd4000 JavaThread "RMI Reaper" [_thread_blocked, id=16900, stack(0x0000000031a70000,0x0000000031b70000)]
  0x0000000020dd2800 JavaThread "RMI TCP Accept-0" daemon [_thread_in_native, id=16136, stack(0x0000000031970000,0x0000000031a70000)]
  0x0000000020dd2000 JavaThread "GC Daemon" daemon [_thread_blocked, id=13560, stack(0x0000000031670000,0x0000000031770000)]
  0x000000001ec33800 JavaThread "RMI Scheduler(0)" daemon [_thread_blocked, id=7612, stack(0x0000000031470000,0x0000000031570000)]
  0x000000001ec32800 JavaThread "Cache worker for execution history cache (C:\Users\nicov\HumanLearningApp\.gradle\6.5\executionHistory)" [_thread_blocked, id=11752, stack(0x0000000030b70000,0x0000000030c70000)]
  0x000000001ec29000 JavaThread "Execution worker for ':' Thread 7" [_thread_blocked, id=9968, stack(0x0000000030a70000,0x0000000030b70000)]
  0x000000001ec29800 JavaThread "Execution worker for ':' Thread 6" [_thread_blocked, id=12604, stack(0x0000000030970000,0x0000000030a70000)]
  0x000000001ec26800 JavaThread "Execution worker for ':' Thread 5" [_thread_blocked, id=14688, stack(0x0000000030870000,0x0000000030970000)]
  0x000000001ec2a800 JavaThread "Execution worker for ':' Thread 4" [_thread_blocked, id=15068, stack(0x0000000030770000,0x0000000030870000)]
  0x000000001ec2d800 JavaThread "Execution worker for ':' Thread 3" [_thread_blocked, id=6412, stack(0x0000000030670000,0x0000000030770000)]
  0x000000001ec2c000 JavaThread "Execution worker for ':' Thread 2" [_thread_blocked, id=8916, stack(0x0000000030570000,0x0000000030670000)]
  0x000000001ec2c800 JavaThread "Execution worker for ':'" [_thread_blocked, id=8452, stack(0x000000002e0b0000,0x000000002e1b0000)]
  0x000000001ec28000 JavaThread "Cache worker for file content cache (C:\Users\nicov\HumanLearningApp\.gradle\6.5\fileContent)" [_thread_blocked, id=9164, stack(0x000000002dbb0000,0x000000002dcb0000)]
  0x000000001ec27800 JavaThread "Memory manager" [_thread_blocked, id=4276, stack(0x000000002bc10000,0x000000002bd10000)]
  0x000000001ca69800 JavaThread "pool-1-thread-1" [_thread_blocked, id=5336, stack(0x000000002b770000,0x000000002b870000)]
  0x000000001ca67000 JavaThread "Cache worker for Build Output Cleanup Cache (C:\Users\nicov\HumanLearningApp\.gradle\buildOutputCleanup)" [_thread_blocked, id=13836, stack(0x000000002bb10000,0x000000002bc10000)]
  0x000000001ca65800 JavaThread "jar transforms Thread 116" [_thread_blocked, id=1528, stack(0x000000002b270000,0x000000002b370000)]
  0x0000000022302000 JavaThread "Build operations Thread 8" [_thread_blocked, id=10328, stack(0x0000000023c70000,0x0000000023d70000)]
  0x0000000022304800 JavaThread "Build operations Thread 7" [_thread_blocked, id=10668, stack(0x0000000023b70000,0x0000000023c70000)]
  0x0000000022309000 JavaThread "Build operations Thread 6" [_thread_blocked, id=3852, stack(0x0000000023a70000,0x0000000023b70000)]
  0x0000000022301800 JavaThread "Build operations Thread 5" [_thread_blocked, id=19208, stack(0x0000000023970000,0x0000000023a70000)]
  0x0000000022307800 JavaThread "Build operations Thread 4" [_thread_blocked, id=8976, stack(0x0000000023870000,0x0000000023970000)]
  0x0000000022305000 JavaThread "Build operations Thread 3" [_thread_blocked, id=16712, stack(0x0000000023770000,0x0000000023870000)]
  0x0000000022303800 JavaThread "Build operations Thread 2" [_thread_blocked, id=16700, stack(0x00000000233f0000,0x00000000234f0000)]
  0x000000001f617000 JavaThread "Build operations" [_thread_blocked, id=12520, stack(0x00000000220b0000,0x00000000221b0000)]
  0x000000001f611800 JavaThread "Cache worker for file content cache (C:\Users\nicov\.gradle\caches\6.5\fileContent)" [_thread_blocked, id=7204, stack(0x0000000021db0000,0x0000000021eb0000)]
  0x000000001bc29800 JavaThread "Cache worker for execution history cache (C:\Users\nicov\.gradle\caches\6.5\executionHistory)" [_thread_blocked, id=3856, stack(0x00000000215b0000,0x00000000216b0000)]
  0x000000001bc26800 JavaThread "Cache worker for cache directory md-rule (C:\Users\nicov\.gradle\caches\6.5\md-rule)" [_thread_blocked, id=13804, stack(0x00000000214b0000,0x00000000215b0000)]
  0x000000001bc28800 JavaThread "Cache worker for cache directory md-supplier (C:\Users\nicov\.gradle\caches\6.5\md-supplier)" [_thread_blocked, id=15528, stack(0x00000000213b0000,0x00000000214b0000)]
  0x000000001bc2d000 JavaThread "Cache worker for checksums cache (C:\Users\nicov\HumanLearningApp\.gradle\checksums)" [_thread_blocked, id=18388, stack(0x00000000210e0000,0x00000000211e0000)]
  0x000000001bc28000 JavaThread "Cache worker for file hash cache (C:\Users\nicov\HumanLearningApp\.gradle\6.5\fileHashes)" [_thread_blocked, id=11012, stack(0x00000000212b0000,0x00000000213b0000)]
  0x000000001bc27000 JavaThread "Cache worker for file hash cache (C:\Users\nicov\.gradle\caches\6.5\fileHashes)" [_thread_blocked, id=11084, stack(0x000000001e9c0000,0x000000001eac0000)]
  0x000000001bc2c800 JavaThread "File lock request listener" [_thread_in_native, id=8628, stack(0x000000001e8c0000,0x000000001e9c0000)]
  0x000000001bc2b800 JavaThread "Cache worker for journal cache (C:\Users\nicov\.gradle\caches\journal-1)" [_thread_blocked, id=14860, stack(0x000000001e7c0000,0x000000001e8c0000)]
  0x000000001bc2a000 JavaThread "Thread-9" [_thread_blocked, id=9168, stack(0x000000001e4c0000,0x000000001e5c0000)]
  0x000000001c4c4800 JavaThread "Asynchronous log dispatcher for DefaultDaemonConnection: socket connection from /127.0.0.1:64145 to /127.0.0.1:64146" [_thread_blocked, id=17124, stack(0x000000001e2c0000,0x000000001e3c0000)]
  0x000000001c4c4000 JavaThread "Daemon worker" [_thread_blocked, id=12100, stack(0x000000001e1c0000,0x000000001e2c0000)]
  0x000000001c4c9800 JavaThread "Cancel handler" [_thread_blocked, id=3312, stack(0x000000001dfc0000,0x000000001e0c0000)]
  0x000000001c43f800 JavaThread "Handler for socket connection from /127.0.0.1:64145 to /127.0.0.1:64146" [_thread_in_native, id=5984, stack(0x000000001dec0000,0x000000001dfc0000)]
  0x000000001c4b6000 JavaThread "Daemon" [_thread_blocked, id=9924, stack(0x000000001ddc0000,0x000000001dec0000)]
  0x000000001c4a7800 JavaThread "Daemon periodic checks" [_thread_blocked, id=5584, stack(0x000000001dac0000,0x000000001dbc0000)]
  0x000000001c41b800 JavaThread "Incoming local TCP Connector on port 64145" [_thread_in_native, id=12508, stack(0x000000001d850000,0x000000001d950000)]
  0x000000001c1b9800 JavaThread "Daemon health stats" [_thread_blocked, id=20180, stack(0x000000001d210000,0x000000001d310000)]
  0x0000000019989000 JavaThread "Service Thread" daemon [_thread_blocked, id=8008, stack(0x000000001a670000,0x000000001a770000)]
  0x000000001997d800 JavaThread "C1 CompilerThread3" daemon [_thread_in_native, id=10180, stack(0x000000001a570000,0x000000001a670000)]
  0x000000001997a800 JavaThread "C2 CompilerThread2" daemon [_thread_in_native, id=11140, stack(0x000000001a470000,0x000000001a570000)]
  0x0000000019976000 JavaThread "C2 CompilerThread1" daemon [_thread_in_native, id=10332, stack(0x000000001a370000,0x000000001a470000)]
=>0x0000000019972000 JavaThread "C2 CompilerThread0" daemon [_thread_in_native, id=10856, stack(0x000000001a270000,0x000000001a370000)]
  0x0000000019970800 JavaThread "Attach Listener" daemon [_thread_blocked, id=6032, stack(0x000000001a170000,0x000000001a270000)]
  0x0000000017b5e800 JavaThread "Signal Dispatcher" daemon [_thread_blocked, id=18660, stack(0x000000001a070000,0x000000001a170000)]
  0x0000000019961800 JavaThread "Finalizer" daemon [_thread_blocked, id=13120, stack(0x0000000019e40000,0x0000000019f40000)]
  0x0000000002ad7000 JavaThread "Reference Handler" daemon [_thread_blocked, id=18584, stack(0x0000000019d40000,0x0000000019e40000)]
  0x0000000002b9e000 JavaThread "main" [_thread_blocked, id=5744, stack(0x00000000028b0000,0x00000000029b0000)]

Other Threads:
  0x0000000017b46000 VMThread [stack: 0x0000000019840000,0x0000000019940000] [id=10528]
  0x0000000019a02800 WatcherThread [stack: 0x000000001a770000,0x000000001a870000] [id=6492]

VM state:not at safepoint (normal execution)

VM Mutex/Monitor currently owned by a thread:  ([mutex/lock_event])
[0x0000000002b9cc70] CodeCache_lock - owner thread: 0x000000001997d800
[0x00000000029e1fd0] Compile_lock - owner thread: 0x000000001997d800
[0x00000000029e0e50] MethodCompileQueue_lock - owner thread: 0x000000001997d800

heap address: 0x0000000081600000, size: 2026 MB, Compressed Oops mode: 32-bit
Narrow klass base: 0x0000000000000000, Narrow klass shift: 3
Compressed class space size: 1073741824 Address: 0x0000000100000000

Heap:
 PSYoungGen      total 379904K, used 234789K [0x00000000d5d00000, 0x00000000f1900000, 0x0000000100000000)
  eden space 346624K, 62% used [0x00000000d5d00000,0x00000000e32316c0,0x00000000eaf80000)
  from space 33280K, 49% used [0x00000000eaf80000,0x00000000ebf97de8,0x00000000ed000000)
  to   space 32256K, 0% used [0x00000000ef980000,0x00000000ef980000,0x00000000f1900000)
 ParOldGen       total 212480K, used 97563K [0x0000000081600000, 0x000000008e580000, 0x00000000d5d00000)
  object space 212480K, 45% used [0x0000000081600000,0x0000000087546fd8,0x000000008e580000)
 Metaspace       used 100176K, capacity 106282K, committed 106392K, reserved 1140736K
  class space    used 13356K, capacity 14485K, committed 14496K, reserved 1048576K

Card table byte_map: [0x0000000011f60000,0x0000000012360000] byte_map_base: 0x0000000011b55000

Marking Bits: (ParMarkBitMap*) 0x0000000051f6f030
 Begin Bits: [0x0000000012e10000, 0x0000000014db8000)
 End Bits:   [0x0000000014db8000, 0x0000000016d60000)

Polling page: 0x00000000029b0000

CodeCache: size=245760Kb used=46597Kb max_used=46597Kb free=199163Kb
 bounds [0x0000000002ba0000, 0x0000000005960000, 0x0000000011ba0000]
 total_blobs=14792 nmethods=13904 adapters=799
 compilation: enabled

Compilation events (10 events):
Event: 66.397 Thread 0x000000001997d800 nmethod 16899 0x000000000590bc50 code [0x000000000590bea0, 0x000000000590cc98]
Event: 66.397 Thread 0x000000001997d800 16901       3       com.android.tools.r8.ir.optimize.l::p (1059 bytes)
Event: 66.397 Thread 0x000000001997a800 nmethod 16898 0x0000000005906b50 code [0x0000000005906ca0, 0x0000000005906d58]
Event: 66.397 Thread 0x000000001997a800 16762       4       java.util.BitSet::<init> (56 bytes)
Event: 66.399 Thread 0x000000001997a800 nmethod 16762 0x00000000059067d0 code [0x0000000005906920, 0x0000000005906a78]
Event: 66.399 Thread 0x000000001997a800 16912       4       com.android.tools.r8.ir.conversion.o::a (270 bytes)
Event: 66.421 Thread 0x000000001997d800 nmethod 16901 0x000000000590f6d0 code [0x0000000005910260, 0x0000000005919288]
Event: 66.421 Thread 0x000000001997d800 16922       3       com.android.tools.r8.ir.regalloc.a::a (3992 bytes)
Event: 66.463 Thread 0x000000001997a800 nmethod 16912 0x0000000005920310 code [0x0000000005920660, 0x0000000005921e68]
Event: 66.463 Thread 0x000000001997a800 16936       4       java.util.IdentityHashMap$IdentityHashMapIterator::hasNext (50 bytes)

GC Heap History (10 events):
Event: 12.616 GC heap before
{Heap before GC invocations=17 (full 3):
 PSYoungGen      total 251904K, used 251881K [0x00000000d5d00000, 0x00000000eab00000, 0x0000000100000000)
  eden space 232960K, 100% used [0x00000000d5d00000,0x00000000e4080000,0x00000000e4080000)
  from space 18944K, 99% used [0x00000000e4080000,0x00000000e52fa4f8,0x00000000e5300000)
  to   space 24064K, 0% used [0x00000000e9380000,0x00000000e9380000,0x00000000eab00000)
 ParOldGen       total 114688K, used 43709K [0x0000000081600000, 0x0000000088600000, 0x00000000d5d00000)
  object space 114688K, 38% used [0x0000000081600000,0x00000000840af5d8,0x0000000088600000)
 Metaspace       used 70825K, capacity 74804K, committed 75032K, reserved 1114112K
  class space    used 9736K, capacity 10431K, committed 10528K, reserved 1048576K
Event: 12.636 GC heap after
Heap after GC invocations=17 (full 3):
 PSYoungGen      total 307712K, used 15958K [0x00000000d5d00000, 0x00000000ea680000, 0x0000000100000000)
  eden space 288256K, 0% used [0x00000000d5d00000,0x00000000d5d00000,0x00000000e7680000)
  from space 19456K, 82% used [0x00000000e9380000,0x00000000ea315848,0x00000000ea680000)
  to   space 24576K, 0% used [0x00000000e7680000,0x00000000e7680000,0x00000000e8e80000)
 ParOldGen       total 114688K, used 59454K [0x0000000081600000, 0x0000000088600000, 0x00000000d5d00000)
  object space 114688K, 51% used [0x0000000081600000,0x000000008500f888,0x0000000088600000)
 Metaspace       used 70825K, capacity 74804K, committed 75032K, reserved 1114112K
  class space    used 9736K, capacity 10431K, committed 10528K, reserved 1048576K
}
Event: 45.794 GC heap before
{Heap before GC invocations=18 (full 3):
 PSYoungGen      total 307712K, used 304214K [0x00000000d5d00000, 0x00000000ea680000, 0x0000000100000000)
  eden space 288256K, 100% used [0x00000000d5d00000,0x00000000e7680000,0x00000000e7680000)
  from space 19456K, 82% used [0x00000000e9380000,0x00000000ea315848,0x00000000ea680000)
  to   space 24576K, 0% used [0x00000000e7680000,0x00000000e7680000,0x00000000e8e80000)
 ParOldGen       total 114688K, used 59454K [0x0000000081600000, 0x0000000088600000, 0x00000000d5d00000)
  object space 114688K, 51% used [0x0000000081600000,0x000000008500f888,0x0000000088600000)
 Metaspace       used 82282K, capacity 86702K, committed 86808K, reserved 1124352K
  class space    used 11205K, capacity 12001K, committed 12064K, reserved 1048576K
Event: 45.998 GC heap after
Heap after GC invocations=18 (full 3):
 PSYoungGen      total 312832K, used 24567K [0x00000000d5d00000, 0x00000000ef300000, 0x0000000100000000)
  eden space 288256K, 0% used [0x00000000d5d00000,0x00000000d5d00000,0x00000000e7680000)
  from space 24576K, 99% used [0x00000000e7680000,0x00000000e8e7dc08,0x00000000e8e80000)
  to   space 33792K, 0% used [0x00000000ed200000,0x00000000ed200000,0x00000000ef300000)
 ParOldGen       total 114688K, used 74171K [0x0000000081600000, 0x0000000088600000, 0x00000000d5d00000)
  object space 114688K, 64% used [0x0000000081600000,0x0000000085e6ed90,0x0000000088600000)
 Metaspace       used 82282K, capacity 86702K, committed 86808K, reserved 1124352K
  class space    used 11205K, capacity 12001K, committed 12064K, reserved 1048576K
}
Event: 50.706 GC heap before
{Heap before GC invocations=19 (full 3):
 PSYoungGen      total 312832K, used 312823K [0x00000000d5d00000, 0x00000000ef300000, 0x0000000100000000)
  eden space 288256K, 100% used [0x00000000d5d00000,0x00000000e7680000,0x00000000e7680000)
  from space 24576K, 99% used [0x00000000e7680000,0x00000000e8e7dc08,0x00000000e8e80000)
  to   space 33792K, 0% used [0x00000000ed200000,0x00000000ed200000,0x00000000ef300000)
 ParOldGen       total 114688K, used 74171K [0x0000000081600000, 0x0000000088600000, 0x00000000d5d00000)
  object space 114688K, 64% used [0x0000000081600000,0x0000000085e6ed90,0x0000000088600000)
 Metaspace       used 85303K, capacity 89890K, committed 90136K, reserved 1126400K
  class space    used 11460K, capacity 12217K, committed 12320K, reserved 1048576K
Event: 50.797 GC heap after
Heap after GC invocations=19 (full 3):
 PSYoungGen      total 377856K, used 17284K [0x00000000d5d00000, 0x00000000ef080000, 0x0000000100000000)
  eden space 346624K, 0% used [0x00000000d5d00000,0x00000000d5d00000,0x00000000eaf80000)
  from space 31232K, 55% used [0x00000000ed200000,0x00000000ee2e12a8,0x00000000ef080000)
  to   space 33280K, 0% used [0x00000000eaf80000,0x00000000eaf80000,0x00000000ed000000)
 ParOldGen       total 114688K, used 95288K [0x0000000081600000, 0x0000000088600000, 0x00000000d5d00000)
  object space 114688K, 83% used [0x0000000081600000,0x000000008730e218,0x0000000088600000)
 Metaspace       used 85303K, capacity 89890K, committed 90136K, reserved 1126400K
  class space    used 11460K, capacity 12217K, committed 12320K, reserved 1048576K
}
Event: 50.797 GC heap before
{Heap before GC invocations=20 (full 4):
 PSYoungGen      total 377856K, used 17284K [0x00000000d5d00000, 0x00000000ef080000, 0x0000000100000000)
  eden space 346624K, 0% used [0x00000000d5d00000,0x00000000d5d00000,0x00000000eaf80000)
  from space 31232K, 55% used [0x00000000ed200000,0x00000000ee2e12a8,0x00000000ef080000)
  to   space 33280K, 0% used [0x00000000eaf80000,0x00000000eaf80000,0x00000000ed000000)
 ParOldGen       total 114688K, used 95288K [0x0000000081600000, 0x0000000088600000, 0x00000000d5d00000)
  object space 114688K, 83% used [0x0000000081600000,0x000000008730e218,0x0000000088600000)
 Metaspace       used 85303K, capacity 89890K, committed 90136K, reserved 1126400K
  class space    used 11460K, capacity 12217K, committed 12320K, reserved 1048576K
Event: 51.645 GC heap after
Heap after GC invocations=20 (full 4):
 PSYoungGen      total 377856K, used 0K [0x00000000d5d00000, 0x00000000ef080000, 0x0000000100000000)
  eden space 346624K, 0% used [0x00000000d5d00000,0x00000000d5d00000,0x00000000eaf80000)
  from space 31232K, 0% used [0x00000000ed200000,0x00000000ed200000,0x00000000ef080000)
  to   space 33280K, 0% used [0x00000000eaf80000,0x00000000eaf80000,0x00000000ed000000)
 ParOldGen       total 212480K, used 97555K [0x0000000081600000, 0x000000008e580000, 0x00000000d5d00000)
  object space 212480K, 45% used [0x0000000081600000,0x0000000087544fd8,0x000000008e580000)
 Metaspace       used 84690K, capacity 88460K, committed 90136K, reserved 1126400K
  class space    used 11320K, capacity 11970K, committed 12320K, reserved 1048576K
}
Event: 64.275 GC heap before
{Heap before GC invocations=21 (full 4):
 PSYoungGen      total 377856K, used 346624K [0x00000000d5d00000, 0x00000000ef080000, 0x0000000100000000)
  eden space 346624K, 100% used [0x00000000d5d00000,0x00000000eaf80000,0x00000000eaf80000)
  from space 31232K, 0% used [0x00000000ed200000,0x00000000ed200000,0x00000000ef080000)
  to   space 33280K, 0% used [0x00000000eaf80000,0x00000000eaf80000,0x00000000ed000000)
 ParOldGen       total 212480K, used 97555K [0x0000000081600000, 0x000000008e580000, 0x00000000d5d00000)
  object space 212480K, 45% used [0x0000000081600000,0x0000000087544fd8,0x000000008e580000)
 Metaspace       used 90544K, capacity 94492K, committed 95512K, reserved 1132544K
  class space    used 11789K, capacity 12554K, committed 12832K, reserved 1048576K
Event: 64.303 GC heap after
Heap after GC invocations=21 (full 4):
 PSYoungGen      total 379904K, used 16479K [0x00000000d5d00000, 0x00000000f1900000, 0x0000000100000000)
  eden space 346624K, 0% used [0x00000000d5d00000,0x00000000d5d00000,0x00000000eaf80000)
  from space 33280K, 49% used [0x00000000eaf80000,0x00000000ebf97de8,0x00000000ed000000)
  to   space 32256K, 0% used [0x00000000ef980000,0x00000000ef980000,0x00000000f1900000)
 ParOldGen       total 212480K, used 97563K [0x0000000081600000, 0x000000008e580000, 0x00000000d5d00000)
  object space 212480K, 45% used [0x0000000081600000,0x0000000087546fd8,0x000000008e580000)
 Metaspace       used 90544K, capacity 94492K, committed 95512K, reserved 1132544K
  class space    used 11789K, capacity 12554K, committed 12832K, reserved 1048576K
}

Deoptimization events (10 events):
Event: 65.866 Thread 0x0000000020dd9800 Uncommon trap: reason=unstable_if action=reinterpret pc=0x00000000042099dc method=java.lang.StrictMath.floorOrCeil(DDDD)D @ 8
Event: 66.015 Thread 0x0000000020dd9800 Uncommon trap: reason=unstable_if action=reinterpret pc=0x0000000003222200 method=java.util.HashMap.computeIfAbsent(Ljava/lang/Object;Ljava/util/function/Function;)Ljava/lang/Object; @ 145
Event: 66.114 Thread 0x0000000020ddb000 Uncommon trap: reason=unstable_if action=reinterpret pc=0x0000000003ea5e68 method=java.util.HashMap$HashIterator.<init>(Ljava/util/HashMap;)V @ 45
Event: 66.116 Thread 0x0000000020dd0800 Uncommon trap: reason=unstable_if action=reinterpret pc=0x0000000004c0ea14 method=com.android.tools.r8.s.b.q1.W()Z @ 71
Event: 66.304 Thread 0x0000000020dd9800 Uncommon trap: reason=bimorphic action=maybe_recompile pc=0x00000000050efe54 method=com.android.tools.r8.s.b.s1.a(Lcom/android/tools/r8/s/a/p/u;)Lcom/android/tools/r8/s/b/s1; @ 12
Event: 66.304 Thread 0x0000000020dd9800 Uncommon trap: reason=bimorphic action=maybe_recompile pc=0x00000000050efe54 method=com.android.tools.r8.s.b.s1.a(Lcom/android/tools/r8/s/a/p/u;)Lcom/android/tools/r8/s/b/s1; @ 12
Event: 66.304 Thread 0x0000000020dd9800 Uncommon trap: reason=bimorphic action=maybe_recompile pc=0x00000000050efe54 method=com.android.tools.r8.s.b.s1.a(Lcom/android/tools/r8/s/a/p/u;)Lcom/android/tools/r8/s/b/s1; @ 12
Event: 66.304 Thread 0x0000000020dd9800 Uncommon trap: reason=bimorphic action=maybe_recompile pc=0x00000000050efe54 method=com.android.tools.r8.s.b.s1.a(Lcom/android/tools/r8/s/a/p/u;)Lcom/android/tools/r8/s/b/s1; @ 12
Event: 66.304 Thread 0x0000000020dd9800 Uncommon trap: reason=bimorphic action=maybe_recompile pc=0x0000000005370738 method=com.android.tools.r8.s.b.s1.a(Lcom/android/tools/r8/s/a/p/u;)Lcom/android/tools/r8/s/b/s1; @ 12
Event: 66.304 Thread 0x0000000020dd9800 Uncommon trap: reason=bimorphic action=maybe_recompile pc=0x00000000053728d4 method=com.android.tools.r8.s.b.s1.a(Lcom/android/tools/r8/s/a/p/u;)Lcom/android/tools/r8/s/b/s1; @ 12

Classes redefined (0 events):
No events

Internal exceptions (10 events):
Event: 65.345 Thread 0x0000000020dd0800 Exception <a 'java/lang/IncompatibleClassChangeError': Found class java.lang.Object, but interface was expected> (0x00000000dd3c52a8) thrown at [C:\src\AOSP-openjdk-git\hotspot\src\share\vm\interpreter\linkResolver.cpp, line 653]
Event: 65.345 Thread 0x0000000020ddb000 Exception <a 'java/lang/IncompatibleClassChangeError': Found class java.lang.Object, but interface was expected> (0x00000000dd0faad0) thrown at [C:\src\AOSP-openjdk-git\hotspot\src\share\vm\interpreter\linkResolver.cpp, line 653]
Event: 65.693 Thread 0x000000001bc2b000 Exception <a 'java/lang/NoSuchMethodError': java.lang.Object.b(Lcom/android/tools/r8/graph/p1$b;)Lcom/android/tools/r8/graph/p1$b;> (0x00000000df0beec8) thrown at [C:\src\AOSP-openjdk-git\hotspot\src\share\vm\interpreter\linkResolver.cpp, line 620]
Event: 65.745 Thread 0x0000000020dd8800 Exception <a 'java/lang/NoSuchMethodError': java.lang.Object.lambda$maxBy$1(Ljava/util/Comparator;Ljava/lang/Object;Ljava/lang/Object;)Ljava/lang/Object;> (0x00000000df441788) thrown at [C:\src\AOSP-openjdk-git\hotspot\src\share\vm\interpreter\linkResolve
Event: 65.745 Thread 0x0000000020dd0800 Exception <a 'java/lang/NoSuchMethodError': java.lang.Object.lambda$maxBy$1(Ljava/util/Comparator;Ljava/lang/Object;Ljava/lang/Object;)Ljava/lang/Object;> (0x00000000df5384b8) thrown at [C:\src\AOSP-openjdk-git\hotspot\src\share\vm\interpreter\linkResolve
Event: 65.745 Thread 0x0000000020ddb000 Exception <a 'java/lang/NoSuchMethodError': java.lang.Object.lambda$maxBy$1(Ljava/util/Comparator;Ljava/lang/Object;Ljava/lang/Object;)Ljava/lang/Object;> (0x00000000df34f3a0) thrown at [C:\src\AOSP-openjdk-git\hotspot\src\share\vm\interpreter\linkResolve
Event: 65.745 Thread 0x000000002f803000 Exception <a 'java/lang/NoSuchMethodError': java.lang.Object.lambda$maxBy$1(Ljava/util/Comparator;Ljava/lang/Object;Ljava/lang/Object;)Ljava/lang/Object;> (0x00000000df5cee98) thrown at [C:\src\AOSP-openjdk-git\hotspot\src\share\vm\interpreter\linkResolve
Event: 65.745 Thread 0x000000001bc2b000 Exception <a 'java/lang/NoSuchMethodError': java.lang.Object.lambda$maxBy$1(Ljava/util/Comparator;Ljava/lang/Object;Ljava/lang/Object;)Ljava/lang/Object;> (0x00000000df638998) thrown at [C:\src\AOSP-openjdk-git\hotspot\src\share\vm\interpreter\linkResolve
Event: 65.745 Thread 0x000000002f806800 Exception <a 'java/lang/NoSuchMethodError': java.lang.Object.lambda$maxBy$1(Ljava/util/Comparator;Ljava/lang/Object;Ljava/lang/Object;)Ljava/lang/Object;> (0x00000000df41a6d0) thrown at [C:\src\AOSP-openjdk-git\hotspot\src\share\vm\interpreter\linkResolve
Event: 65.745 Thread 0x0000000020dd9800 Exception <a 'java/lang/NoSuchMethodError': java.lang.Object.lambda$maxBy$1(Ljava/util/Comparator;Ljava/lang/Object;Ljava/lang/Object;)Ljava/lang/Object;> (0x00000000df622840) thrown at [C:\src\AOSP-openjdk-git\hotspot\src\share\vm\interpreter\linkResolve

Events (10 events):
Event: 66.370 loading class com/android/tools/r8/code/M3
Event: 66.370 loading class com/android/tools/r8/code/M3 done
Event: 66.370 loading class com/android/tools/r8/code/N3
Event: 66.370 loading class com/android/tools/r8/code/N3 done
Event: 66.371 loading class com/android/tools/r8/code/K3
Event: 66.371 loading class com/android/tools/r8/code/K3 done
Event: 66.403 loading class java/util/IdentityHashMap$ValueIterator
Event: 66.403 loading class java/util/IdentityHashMap$ValueIterator done
Event: 66.403 Executing VM operation: Deoptimize
Event: 66.412 Executing VM operation: Deoptimize done


Dynamic libraries:
0x00007ff75b4a0000 - 0x00007ff75b4d1000 	C:\Program Files\Android\Android Studio\jre\bin\java.exe
0x00007ffef1890000 - 0x00007ffef1a85000 	C:\WINDOWS\SYSTEM32\ntdll.dll
0x00007ffeefd90000 - 0x00007ffeefe4d000 	C:\WINDOWS\System32\KERNEL32.DLL
0x00007ffeef280000 - 0x00007ffeef548000 	C:\WINDOWS\System32\KERNELBASE.dll
0x00007ffef0e50000 - 0x00007ffef0efc000 	C:\WINDOWS\System32\ADVAPI32.dll
0x00007ffeef8f0000 - 0x00007ffeef98e000 	C:\WINDOWS\System32\msvcrt.dll
0x00007ffeefe50000 - 0x00007ffeefeeb000 	C:\WINDOWS\System32\sechost.dll
0x00007ffef0aa0000 - 0x00007ffef0bcb000 	C:\WINDOWS\System32\RPCRT4.dll
0x00007ffef07c0000 - 0x00007ffef0960000 	C:\WINDOWS\System32\USER32.dll
0x00007ffeef8c0000 - 0x00007ffeef8e2000 	C:\WINDOWS\System32\win32u.dll
0x00007ffef1760000 - 0x00007ffef178a000 	C:\WINDOWS\System32\GDI32.dll
0x00007ffeef550000 - 0x00007ffeef65b000 	C:\WINDOWS\System32\gdi32full.dll
0x00007ffeef0a0000 - 0x00007ffeef13d000 	C:\WINDOWS\System32\msvcp_win.dll
0x00007ffeef660000 - 0x00007ffeef760000 	C:\WINDOWS\System32\ucrtbase.dll
0x00007ffed34a0000 - 0x00007ffed373a000 	C:\WINDOWS\WinSxS\amd64_microsoft.windows.common-controls_6595b64144ccf1df_6.0.19041.844_none_ca00b6081b84eb1d\COMCTL32.dll
0x00007ffeefc30000 - 0x00007ffeefc60000 	C:\WINDOWS\System32\IMM32.DLL
0x00000000525c0000 - 0x0000000052692000 	C:\Program Files\Android\Android Studio\jre\jre\bin\msvcr100.dll
0x00000000517a0000 - 0x0000000051feb000 	C:\Program Files\Android\Android Studio\jre\jre\bin\server\jvm.dll
0x00007ffef0cc0000 - 0x00007ffef0cc8000 	C:\WINDOWS\System32\PSAPI.DLL
0x00007ffee8a00000 - 0x00007ffee8a09000 	C:\WINDOWS\SYSTEM32\WSOCK32.dll
0x00007ffee8ea0000 - 0x00007ffee8eaa000 	C:\WINDOWS\SYSTEM32\VERSION.dll
0x00007ffee53e0000 - 0x00007ffee5407000 	C:\WINDOWS\SYSTEM32\WINMM.dll
0x00007ffef16f0000 - 0x00007ffef175b000 	C:\WINDOWS\System32\WS2_32.dll
0x00007ffee0270000 - 0x00007ffee027f000 	C:\Program Files\Android\Android Studio\jre\jre\bin\verify.dll
0x00007ffecc7a0000 - 0x00007ffecc7c9000 	C:\Program Files\Android\Android Studio\jre\jre\bin\java.dll
0x00007ffed16c0000 - 0x00007ffed16d6000 	C:\Program Files\Android\Android Studio\jre\jre\bin\zip.dll
0x00007ffef0070000 - 0x00007ffef07b2000 	C:\WINDOWS\System32\SHELL32.dll
0x00007ffeed0f0000 - 0x00007ffeed881000 	C:\WINDOWS\SYSTEM32\windows.storage.dll
0x00007ffef1370000 - 0x00007ffef16c5000 	C:\WINDOWS\System32\combase.dll
0x00007ffeee970000 - 0x00007ffeee99c000 	C:\WINDOWS\SYSTEM32\Wldp.dll
0x00007ffef1790000 - 0x00007ffef183e000 	C:\WINDOWS\System32\SHCORE.dll
0x00007ffef0cd0000 - 0x00007ffef0d25000 	C:\WINDOWS\System32\shlwapi.dll
0x00007ffeeef10000 - 0x00007ffeeef2f000 	C:\WINDOWS\SYSTEM32\profapi.dll
0x00007ffed1340000 - 0x00007ffed135a000 	C:\Program Files\Android\Android Studio\jre\jre\bin\net.dll
0x00007ffeee6e0000 - 0x00007ffeee74a000 	C:\WINDOWS\system32\mswsock.dll
0x00007ffecc6f0000 - 0x00007ffecc703000 	C:\Program Files\Android\Android Studio\jre\jre\bin\nio.dll
0x00007ffecc8e0000 - 0x00007ffecc907000 	C:\Users\nicov\.gradle\native\f6784746aeab05261644944871eae4fe03e0ef1612fff0a4a95f87b438bc6780\windows-amd64\native-platform.dll
0x00007ffedfe30000 - 0x00007ffedfe3d000 	C:\Program Files\Android\Android Studio\jre\jre\bin\management.dll
0x00007ffeee8b0000 - 0x00007ffeee8c8000 	C:\WINDOWS\SYSTEM32\CRYPTSP.dll
0x00007ffeee080000 - 0x00007ffeee0b4000 	C:\WINDOWS\system32\rsaenh.dll
0x00007ffeef140000 - 0x00007ffeef167000 	C:\WINDOWS\System32\bcrypt.dll
0x00007ffeeee90000 - 0x00007ffeeeebe000 	C:\WINDOWS\SYSTEM32\USERENV.dll
0x00007ffeef020000 - 0x00007ffeef0a0000 	C:\WINDOWS\System32\bcryptprimitives.dll
0x00007ffeee8d0000 - 0x00007ffeee8dc000 	C:\WINDOWS\SYSTEM32\CRYPTBASE.dll
0x00007ffeee3d0000 - 0x00007ffeee40b000 	C:\WINDOWS\SYSTEM32\IPHLPAPI.DLL
0x00007ffef1840000 - 0x00007ffef1848000 	C:\WINDOWS\System32\NSI.dll
0x00007ffee6870000 - 0x00007ffee6887000 	C:\WINDOWS\SYSTEM32\dhcpcsvc6.DLL
0x00007ffee6ec0000 - 0x00007ffee6edd000 	C:\WINDOWS\SYSTEM32\dhcpcsvc.DLL
0x00007ffeee410000 - 0x00007ffeee4dc000 	C:\WINDOWS\SYSTEM32\DNSAPI.dll
0x00007ffee7b30000 - 0x00007ffee7b3b000 	C:\WINDOWS\SYSTEM32\WINNSI.DLL
0x00007ffee6ab0000 - 0x00007ffee6ace000 	C:\Users\nicov\AppData\Local\Temp\native-platform2123967124671865611dir\native-platform.dll

VM Arguments:
jvm_args: -Dfile.encoding=UTF-8 -Duser.country=CH -Duser.language=fr -Duser.variant 
java_command: org.gradle.launcher.daemon.bootstrap.GradleDaemon 6.5
java_class_path (initial): C:\Users\nicov\.gradle\wrapper\dists\gradle-6.5-bin\6nifqtx7604sqp1q6g8wikw7p\gradle-6.5\lib\gradle-launcher-6.5.jar
Launcher Type: SUN_STANDARD

Environment Variables:
JAVA_HOME=C:\Program Files\Java\jdk-11.0.8
PATH=C:\gurobi903\win64\bin;C:\Program Files (x86)\Common Files\Oracle\Java\javapath;C:\WINDOWS\system32;C:\WINDOWS;C:\WINDOWS\System32\Wbem;C:\WINDOWS\System32\WindowsPowerShell\v1.0\;C:\WINDOWS\System32\OpenSSH\;C:\Program Files\Git\cmd;C:\Program Files (x86)\sbt\bin;C:\Users\nicov\Anaconda3;C:\Users\nicov\Anaconda3\Scripts;C:\Users\nicov\Anaconda3\Library\bin;C:\Users\nicov\AppData\Local\Microsoft\WindowsApps;C:\intelFPGA\18.0\modelsim_ase\win32aloem;C:\Users\nicov\AppData\Local\Programs\Microsoft VS Code\bin;C:\Users\nicov\Miniconda3\Scripts\conda.exe;
USERNAME=nicov
OS=Windows_NT
PROCESSOR_IDENTIFIER=Intel64 Family 6 Model 142 Stepping 10, GenuineIntel



---------------  S Y S T E M  ---------------

OS: Windows 10.0 , 64 bit Build 19041 (10.0.19041.928)

CPU:total 8 (initial active 8) (4 cores per cpu, 2 threads per core) family 6 model 142 stepping 10, cmov, cx8, fxsr, mmx, sse, sse2, sse3, ssse3, sse4.1, sse4.2, popcnt, avx, avx2, aes, clmul, erms, 3dnowpref, lzcnt, ht, tsc, tscinvbit, bmi1, bmi2, adx

Memory: 4k page, physical 8295652k(490932k free), swap 33461476k(4216k free)

vm_info: OpenJDK 64-Bit Server VM (25.242-b01) for windows-amd64 JRE (1.8.0_242-release-1644-b01), built by "builder" with MS VC++ 10.0 (VS2010)

time: Mon Apr 19 16:00:50 2021
timezone: Europe de l’Ouest (heure d’été)
elapsed time: 66 seconds (0d 0h 1m 6s)

